<?xml version="1.0" encoding="UTF-8" ?>
<testsuite tests="0" failures="0" name="TestMap" time="0" errors="0" skipped="0">
  <properties>
    <property name="java.runtime.name" value="Java(TM) SE Runtime Environment"/>
    <property name="sun.boot.library.path" value="D:\developer\java\jdk\jdk1.8.0_271\jre\bin"/>
    <property name="java.vm.version" value="25.271-b09"/>
    <property name="java.vm.vendor" value="Oracle Corporation"/>
    <property name="maven.multiModuleProjectDirectory" value="D:\developer\project\java\work\spac4\common"/>
    <property name="java.vendor.url" value="http://java.oracle.com/"/>
    <property name="path.separator" value=";"/>
    <property name="guice.disable.misplaced.annotation.check" value="true"/>
    <property name="java.vm.name" value="Java HotSpot(TM) 64-Bit Server VM"/>
    <property name="file.encoding.pkg" value="sun.io"/>
    <property name="user.script" value=""/>
    <property name="user.country" value="CN"/>
    <property name="sun.java.launcher" value="SUN_STANDARD"/>
    <property name="sun.os.patch.level" value=""/>
    <property name="java.vm.specification.name" value="Java Virtual Machine Specification"/>
    <property name="user.dir" value="D:\developer\project\java\work\spac4\common"/>
    <property name="java.runtime.version" value="1.8.0_271-b09"/>
    <property name="java.awt.graphicsenv" value="sun.awt.Win32GraphicsEnvironment"/>
    <property name="java.endorsed.dirs" value="D:\developer\java\jdk\jdk1.8.0_271\jre\lib\endorsed"/>
    <property name="os.arch" value="amd64"/>
    <property name="java.io.tmpdir" value="C:\Users\Corki\AppData\Local\Temp\"/>
    <property name="line.separator" value="
"/>
    <property name="java.vm.specification.vendor" value="Oracle Corporation"/>
    <property name="user.variant" value=""/>
    <property name="os.name" value="Windows 10"/>
    <property name="maven.ext.class.path" value="D:\developer\IDE\IDEA\IntelliJ IDEA 2019.3.3\plugins\maven\lib\maven-event-listener.jar"/>
    <property name="classworlds.conf" value="D:\developer\java\maven\apache-maven-3.6.1\bin\m2.conf"/>
    <property name="sun.jnu.encoding" value="GBK"/>
    <property name="java.library.path" value="D:\developer\java\jdk\jdk1.8.0_271\bin;C:\Windows\Sun\Java\bin;C:\Windows\system32;C:\Windows;D:\developer\Python\Python36\Scripts\;D:\developer\Python\Python36\;D:\developer\tools\xftp\Xftp 6\;D:\developer\tools\xshell\XShell 6\;C:\Windows\system32;C:\Windows;C:\Windows\System32\Wbem;C:\Windows\System32\WindowsPowerShell\v1.0\;C:\Windows\System32\OpenSSH\;D:\developer\java\jdk\jdk1.8.0_271\bin;C:\Windows\system32\config\systemprofile\.dnx\bin;C:\Program Files\Microsoft DNX\Dnvm\;C:\Program Files\Microsoft SQL Server\130\Tools\Binn\;D:\developer\java\maven\apache-maven-3.6.1\bin;D:\developer\tools\Git\cmd;D:\developer\tools\Gpg4win\..\GnuPG\bin;D:\developer\JavaScript\nodejs\;D:\developer\JavaScript\nodejs\node_global;D:\developer\cpp\Qt\Qt5.12.6\5.12.6\msvc2015_64\bin;C:\Users\Corki\AppData\Local\Microsoft\WindowsApps;D:\developer\IDE\IDEA\IntelliJ IDEA 2019.3.3\bin;;D:\developer\IDE\PyCharm\PyCharm 2019.2.4\bin;;D:\developer\Python\Python36;D:\developer\Python\Python36\Scripts;C:\Users\Corki\AppData\Roaming\npm;D:\developer\IDE\WebStorm\WebStorm 2020.1\bin;;."/>
    <property name="maven.conf" value="D:\developer\java\maven\apache-maven-3.6.1/conf"/>
    <property name="java.specification.name" value="Java Platform API Specification"/>
    <property name="java.class.version" value="52.0"/>
    <property name="sun.management.compiler" value="HotSpot 64-Bit Tiered Compilers"/>
    <property name="idea.version2019.3.3" value="true"/>
    <property name="os.version" value="10.0"/>
    <property name="user.home" value="C:\Users\Corki"/>
    <property name="user.timezone" value="Asia/Shanghai"/>
    <property name="java.awt.printerjob" value="sun.awt.windows.WPrinterJob"/>
    <property name="java.specification.version" value="1.8"/>
    <property name="file.encoding" value="UTF-8"/>
    <property name="user.name" value="Corki"/>
    <property name="java.class.path" value="D:\developer\java\maven\apache-maven-3.6.1\boot\plexus-classworlds-2.6.0.jar;D:\developer\IDE\IDEA\IntelliJ IDEA 2019.3.3\lib\idea_rt.jar"/>
    <property name="java.vm.specification.version" value="1.8"/>
    <property name="sun.arch.data.model" value="64"/>
    <property name="java.home" value="D:\developer\java\jdk\jdk1.8.0_271\jre"/>
    <property name="sun.java.command" value="org.codehaus.classworlds.Launcher -Didea.version2019.3.3 -s D:\developer\java\maven\apache-maven-3.6.1\conf\settings.xml clean deploy"/>
    <property name="java.specification.vendor" value="Oracle Corporation"/>
    <property name="user.language" value="zh"/>
    <property name="awt.toolkit" value="sun.awt.windows.WToolkit"/>
    <property name="java.vm.info" value="mixed mode"/>
    <property name="java.version" value="1.8.0_271"/>
    <property name="java.ext.dirs" value="D:\developer\java\jdk\jdk1.8.0_271\jre\lib\ext;C:\Windows\Sun\Java\lib\ext"/>
    <property name="sun.boot.class.path" value="D:\developer\java\jdk\jdk1.8.0_271\jre\lib\resources.jar;D:\developer\java\jdk\jdk1.8.0_271\jre\lib\rt.jar;D:\developer\java\jdk\jdk1.8.0_271\jre\lib\sunrsasign.jar;D:\developer\java\jdk\jdk1.8.0_271\jre\lib\jsse.jar;D:\developer\java\jdk\jdk1.8.0_271\jre\lib\jce.jar;D:\developer\java\jdk\jdk1.8.0_271\jre\lib\charsets.jar;D:\developer\java\jdk\jdk1.8.0_271\jre\lib\jfr.jar;D:\developer\java\jdk\jdk1.8.0_271\jre\classes"/>
    <property name="java.vendor" value="Oracle Corporation"/>
    <property name="maven.home" value="D:\developer\java\maven\apache-maven-3.6.1"/>
    <property name="file.separator" value="\"/>
    <property name="java.vendor.url.bug" value="http://bugreport.sun.com/bugreport/"/>
    <property name="sun.cpu.endian" value="little"/>
    <property name="sun.io.unicode.encoding" value="UnicodeLittle"/>
    <property name="sun.desktop" value="windows"/>
    <property name="sun.cpu.isalist" value="amd64"/>
  </properties>
</testsuite>